[debug] [2021-11-08T09:06:12.587Z] ----------------------------------------------------------------------
[debug] [2021-11-08T09:06:12.591Z] Command:       C:\Program Files\nodejs\node.exe C:\Users\HP\AppData\Roaming\npm\node_modules\firebase-tools\lib\bin\firebase.js init
[debug] [2021-11-08T09:06:12.591Z] CLI Version:   9.22.0
[debug] [2021-11-08T09:06:12.592Z] Platform:      win32
[debug] [2021-11-08T09:06:12.592Z] Node Version:  v14.17.6
[debug] [2021-11-08T09:06:12.594Z] Time:          Mon Nov 08 2021 16:06:12 GMT+0700 (Indochina Time)
[debug] [2021-11-08T09:06:12.594Z] ----------------------------------------------------------------------
[debug] 
[debug] [2021-11-08T09:06:12.604Z] > command requires scopes: ["email","openid","https://www.googleapis.com/auth/cloudplatformprojects.readonly","https://www.googleapis.com/auth/firebase","https://www.googleapis.com/auth/cloud-platform"]
[debug] [2021-11-08T09:06:12.605Z] > authorizing via signed-in user (phucnkmps24819@fpt.edu.vn)
[info] 
     ######## #### ########  ######## ########     ###     ######  ########
     ##        ##  ##     ## ##       ##     ##  ##   ##  ##       ##
     ######    ##  ########  ######   ########  #########  ######  ######
     ##        ##  ##    ##  ##       ##     ## ##     ##       ## ##
     ##       #### ##     ## ######## ########  ##     ##  ######  ########

You're about to initialize a Firebase project in this directory:

  D:\phuckhoa\todo_list

[info] 
=== Project Setup
[info] 
[info] First, let's associate this project directory with a Firebase project.
[info] You can create multiple project aliases by running firebase use --add, 
[info] but for now we'll just set up a default project.
[info] 
[info] i  If you want to create a project in a Google Cloud organization or folder, please use "firebase projects:create" instead, and return to this command when you've created the project. 
